0 info it worked if it ends with ok
1 verbose cli [ 'node',
1 verbose cli   '/usr/local/bin/npm',
1 verbose cli   'show',
1 verbose cli   'btford.socket-io',
1 verbose cli   'version' ]
2 info using npm@2.7.3
3 info using node@v0.10.30
4 verbose node symlink /usr/local/bin/node
5 silly mapToRegistry name btford.socket-io
6 silly mapToRegistry using default registry
7 silly mapToRegistry registry https://registry.npmjs.org/
8 silly mapToRegistry uri https://registry.npmjs.org/btford.socket-io
9 verbose request uri https://registry.npmjs.org/btford.socket-io
10 verbose request no auth needed
11 info attempt registry request try #1 at 11:02:52
12 verbose request id d561f19b77077a28
13 http request GET https://registry.npmjs.org/btford.socket-io
14 http 404 https://registry.npmjs.org/btford.socket-io
15 verbose headers { date: 'Mon, 30 Mar 2015 02:02:52 GMT',
15 verbose headers   server: 'CouchDB/1.5.0 (Erlang OTP/R16B03)',
15 verbose headers   'content-type': 'application/json',
15 verbose headers   'cache-control': 'max-age=0',
15 verbose headers   'content-length': '51',
15 verbose headers   'accept-ranges': 'bytes',
15 verbose headers   via: '1.1 varnish',
15 verbose headers   age: '0',
15 verbose headers   'x-served-by': 'cache-nrt6123-NRT',
15 verbose headers   'x-cache': 'MISS',
15 verbose headers   'x-cache-hits': '0',
15 verbose headers   'x-timer': 'S1427680972.807496,VS0,VE176',
15 verbose headers   'keep-alive': 'timeout=10, max=50',
15 verbose headers   connection: 'Keep-Alive' }
16 silly get cb [ 404,
16 silly get   { date: 'Mon, 30 Mar 2015 02:02:52 GMT',
16 silly get     server: 'CouchDB/1.5.0 (Erlang OTP/R16B03)',
16 silly get     'content-type': 'application/json',
16 silly get     'cache-control': 'max-age=0',
16 silly get     'content-length': '51',
16 silly get     'accept-ranges': 'bytes',
16 silly get     via: '1.1 varnish',
16 silly get     age: '0',
16 silly get     'x-served-by': 'cache-nrt6123-NRT',
16 silly get     'x-cache': 'MISS',
16 silly get     'x-cache-hits': '0',
16 silly get     'x-timer': 'S1427680972.807496,VS0,VE176',
16 silly get     'keep-alive': 'timeout=10, max=50',
16 silly get     connection: 'Keep-Alive' } ]
17 verbose stack Error: 404 Not Found: btford.socket-io
17 verbose stack     at CachingRegistryClient.<anonymous> (/usr/local/lib/node_modules/npm/node_modules/npm-registry-client/lib/request.js:251:14)
17 verbose stack     at Request._callback (/usr/local/lib/node_modules/npm/node_modules/npm-registry-client/lib/request.js:178:14)
17 verbose stack     at Request.self.callback (/usr/local/lib/node_modules/npm/node_modules/request/request.js:344:22)
17 verbose stack     at Request.emit (events.js:98:17)
17 verbose stack     at Request.<anonymous> (/usr/local/lib/node_modules/npm/node_modules/request/request.js:1239:14)
17 verbose stack     at Request.emit (events.js:117:20)
17 verbose stack     at IncomingMessage.<anonymous> (/usr/local/lib/node_modules/npm/node_modules/request/request.js:1187:12)
17 verbose stack     at IncomingMessage.emit (events.js:117:20)
17 verbose stack     at _stream_readable.js:938:16
17 verbose stack     at process._tickCallback (node.js:419:13)
18 verbose statusCode 404
19 verbose pkgid btford.socket-io
20 verbose cwd /Users/jihoonkim/tossLab/web_client
21 error Darwin 14.1.0
22 error argv "node" "/usr/local/bin/npm" "show" "btford.socket-io" "version"
23 error node v0.10.30
24 error npm  v2.7.3
25 error code E404
26 error 404 Not Found: btford.socket-io
26 error 404
26 error 404 'btford.socket-io' is not in the npm registry.
26 error 404 You should bug the author to publish it (or use the name yourself!)
26 error 404
26 error 404 Note that you can also install from a
26 error 404 tarball, folder, http url, or git url.
27 verbose exit [ 1, true ]
